[17788] [38724] [2019-10-12 14:24:55,917] [root] [INFO] [jsonGeneration program is starting!]
[17788] [38724] [2019-10-12 14:24:55,917] [root] [INFO] [jsonGeneration program is starting!]
[17788] [38724] [2019-10-12 14:24:55,917] [root] [INFO] [program is dealing with 23214-f30.txt!]
[17788] [38724] [2019-10-12 14:24:55,917] [root] [INFO] [program is dealing with 23214-f30.txt!]
[44240] [29052] [2019-10-12 14:25:30,663] [root] [INFO] [jsonGeneration program is starting!]
[44240] [29052] [2019-10-12 14:25:30,663] [root] [INFO] [jsonGeneration program is starting!]
[44240] [29052] [2019-10-12 14:25:30,663] [root] [INFO] [program is dealing with 23214-f30.txt!]
[44240] [29052] [2019-10-12 14:25:30,663] [root] [INFO] [program is dealing with 23214-f30.txt!]
[44240] [29052] [2019-10-12 14:25:30,667] [root] [INFO] [keywords=3GPP, Architecture, EPC, Control plane, User plane,Separation]
[44240] [29052] [2019-10-12 14:25:30,667] [root] [INFO] [keywords=3GPP, Architecture, EPC, Control plane, User plane,Separation]
[44240] [29052] [2019-10-12 14:25:30,709] [root] [INFO] [Populate Abbreviation List]
[44240] [29052] [2019-10-12 14:25:30,709] [root] [INFO] [Populate Abbreviation List]
[44240] [29052] [2019-10-12 14:25:30,718] [root] [INFO] [program is dealing with 23401-g30.txt!]
[44240] [29052] [2019-10-12 14:25:30,718] [root] [INFO] [program is dealing with 23401-g30.txt!]
[44240] [29052] [2019-10-12 14:25:30,725] [root] [INFO] [keywords=LTE, GSM, UMTS, GPRS, architecture, stage 2]
[44240] [29052] [2019-10-12 14:25:30,725] [root] [INFO] [keywords=LTE, GSM, UMTS, GPRS, architecture, stage 2]
[44240] [29052] [2019-10-12 14:25:31,353] [root] [INFO] [Populate Abbreviation List]
[44240] [29052] [2019-10-12 14:25:31,353] [root] [INFO] [Populate Abbreviation List]
[44240] [29052] [2019-10-12 14:25:31,386] [root] [INFO] [program is dealing with 29244-f20.txt!]
[44240] [29052] [2019-10-12 14:25:31,386] [root] [INFO] [program is dealing with 29244-f20.txt!]
[44240] [29052] [2019-10-12 14:25:31,389] [root] [INFO] [keywords=3GPP, EPC, PFCP]
[44240] [29052] [2019-10-12 14:25:31,389] [root] [INFO] [keywords=3GPP, EPC, PFCP]
[44240] [29052] [2019-10-12 14:25:31,601] [root] [INFO] [Populate Abbreviation List]
[44240] [29052] [2019-10-12 14:25:31,601] [root] [INFO] [Populate Abbreviation List]
[44240] [29052] [2019-10-12 14:25:31,629] [root] [INFO] [program is dealing with 29274-f40.txt!]
[44240] [29052] [2019-10-12 14:25:31,629] [root] [INFO] [program is dealing with 29274-f40.txt!]
[44240] [29052] [2019-10-12 14:25:31,636] [root] [INFO] [keywords=GSM, UMTS, packet mode, GPRS, LTE]
[44240] [29052] [2019-10-12 14:25:31,636] [root] [INFO] [keywords=GSM, UMTS, packet mode, GPRS, LTE]
[44240] [29052] [2019-10-12 14:25:31,969] [root] [INFO] [Populate Abbreviation List]
[44240] [29052] [2019-10-12 14:25:31,969] [root] [INFO] [Populate Abbreviation List]
[44240] [29052] [2019-10-12 14:25:32,004] [root] [INFO] [program is dealing with 32251-f50.txt!]
[44240] [29052] [2019-10-12 14:25:32,004] [root] [INFO] [program is dealing with 32251-f50.txt!]
[44240] [29052] [2019-10-12 14:25:32,008] [root] [INFO] [keywords=GSM, UMTS, LTE, charging, management, packet switched]
[44240] [29052] [2019-10-12 14:25:32,008] [root] [INFO] [keywords=GSM, UMTS, LTE, charging, management, packet switched]
[44240] [29052] [2019-10-12 14:25:32,089] [root] [INFO] [Populate Abbreviation List]
[44240] [29052] [2019-10-12 14:25:32,089] [root] [INFO] [Populate Abbreviation List]
[44240] [29052] [2019-10-12 14:25:32,110] [root] [INFO] [program is dealing with 32298-g10.txt!]
[44240] [29052] [2019-10-12 14:25:32,110] [root] [INFO] [program is dealing with 32298-g10.txt!]
[44240] [29052] [2019-10-12 14:25:32,115] [root] [INFO] [keywords=charging, management, protocol, CDR, ASN.1]
[44240] [29052] [2019-10-12 14:25:32,115] [root] [INFO] [keywords=charging, management, protocol, CDR, ASN.1]
[44240] [29052] [2019-10-12 14:25:32,420] [root] [INFO] [Populate Abbreviation List]
[44240] [29052] [2019-10-12 14:25:32,420] [root] [INFO] [Populate Abbreviation List]
[44240] [29052] [2019-10-12 14:25:32,446] [root] [INFO] [program is dealing with 32299-g10.txt!]
[44240] [29052] [2019-10-12 14:25:32,446] [root] [INFO] [program is dealing with 32299-g10.txt!]
[44240] [29052] [2019-10-12 14:25:32,448] [root] [INFO] [keywords=charging, management, protocol, Diameter]
[44240] [29052] [2019-10-12 14:25:32,448] [root] [INFO] [keywords=charging, management, protocol, Diameter]
[44240] [29052] [2019-10-12 14:25:32,605] [root] [INFO] [Populate Abbreviation List]
[44240] [29052] [2019-10-12 14:25:32,605] [root] [INFO] [Populate Abbreviation List]
[33396] [27656] [2019-10-12 14:42:45,474] [root] [INFO] [jsonGeneration program is starting!]
[33396] [27656] [2019-10-12 14:42:45,474] [root] [INFO] [jsonGeneration program is starting!]
[33396] [27656] [2019-10-12 14:42:45,474] [root] [INFO] [program is dealing with 23214-f30.txt!]
[33396] [27656] [2019-10-12 14:42:45,474] [root] [INFO] [program is dealing with 23214-f30.txt!]
[33396] [27656] [2019-10-12 14:42:45,477] [root] [INFO] [keywords=3GPP, Architecture, EPC, Control plane, User plane,Separation]
[33396] [27656] [2019-10-12 14:42:45,477] [root] [INFO] [keywords=3GPP, Architecture, EPC, Control plane, User plane,Separation]
[33396] [27656] [2019-10-12 14:42:45,521] [root] [INFO] [Populate Abbreviation List]
[33396] [27656] [2019-10-12 14:42:45,521] [root] [INFO] [Populate Abbreviation List]
[33396] [27656] [2019-10-12 14:42:45,531] [root] [INFO] [program is dealing with 23401-g30.txt!]
[33396] [27656] [2019-10-12 14:42:45,531] [root] [INFO] [program is dealing with 23401-g30.txt!]
[33396] [27656] [2019-10-12 14:42:45,539] [root] [INFO] [keywords=LTE, GSM, UMTS, GPRS, architecture, stage 2]
[33396] [27656] [2019-10-12 14:42:45,539] [root] [INFO] [keywords=LTE, GSM, UMTS, GPRS, architecture, stage 2]
[33396] [27656] [2019-10-12 14:42:46,172] [root] [INFO] [Populate Abbreviation List]
[33396] [27656] [2019-10-12 14:42:46,172] [root] [INFO] [Populate Abbreviation List]
[33396] [27656] [2019-10-12 14:42:46,207] [root] [INFO] [program is dealing with 24301-f30.txt!]
[33396] [27656] [2019-10-12 14:42:46,207] [root] [INFO] [program is dealing with 24301-f30.txt!]
[33396] [27656] [2019-10-12 14:42:46,216] [root] [INFO] [keywords=UMTS, GSM, EPS, GPRS, stage 3, radio, layer 3, user,equipment, network, LTE]
[33396] [27656] [2019-10-12 14:42:46,216] [root] [INFO] [keywords=UMTS, GSM, EPS, GPRS, stage 3, radio, layer 3, user,equipment, network, LTE]
[33396] [27656] [2019-10-12 14:42:47,177] [root] [INFO] [Populate Abbreviation List]
[33396] [27656] [2019-10-12 14:42:47,177] [root] [INFO] [Populate Abbreviation List]
[33396] [27656] [2019-10-12 14:42:47,224] [root] [INFO] [program is dealing with 24501-f00.txt!]
[33396] [27656] [2019-10-12 14:42:47,224] [root] [INFO] [program is dealing with 24501-f00.txt!]
[33396] [27656] [2019-10-12 14:42:47,229] [root] [INFO] [keywords=5G, 5GS, EPS, stage 3, layer 3, user equipment,network]
[33396] [27656] [2019-10-12 14:42:47,229] [root] [INFO] [keywords=5G, 5GS, EPS, stage 3, layer 3, user equipment,network]
[33396] [27656] [2019-10-12 14:42:49,299] [root] [INFO] [Populate Abbreviation List]
[33396] [27656] [2019-10-12 14:42:49,299] [root] [INFO] [Populate Abbreviation List]
[33396] [27656] [2019-10-12 14:42:49,336] [root] [INFO] [program is dealing with 29244-f20.txt!]
[33396] [27656] [2019-10-12 14:42:49,336] [root] [INFO] [program is dealing with 29244-f20.txt!]
[33396] [27656] [2019-10-12 14:42:49,341] [root] [INFO] [keywords=3GPP, EPC, PFCP]
[33396] [27656] [2019-10-12 14:42:49,341] [root] [INFO] [keywords=3GPP, EPC, PFCP]
[33396] [27656] [2019-10-12 14:42:49,609] [root] [INFO] [Populate Abbreviation List]
[33396] [27656] [2019-10-12 14:42:49,609] [root] [INFO] [Populate Abbreviation List]
[33396] [27656] [2019-10-12 14:42:49,629] [root] [INFO] [program is dealing with 29274-f40.txt!]
[33396] [27656] [2019-10-12 14:42:49,629] [root] [INFO] [program is dealing with 29274-f40.txt!]
[33396] [27656] [2019-10-12 14:42:49,636] [root] [INFO] [keywords=GSM, UMTS, packet mode, GPRS, LTE]
[33396] [27656] [2019-10-12 14:42:49,636] [root] [INFO] [keywords=GSM, UMTS, packet mode, GPRS, LTE]
[33396] [27656] [2019-10-12 14:42:49,958] [root] [INFO] [Populate Abbreviation List]
[33396] [27656] [2019-10-12 14:42:49,958] [root] [INFO] [Populate Abbreviation List]
[33396] [27656] [2019-10-12 14:42:49,991] [root] [INFO] [program is dealing with 29512-f00.txt!]
[33396] [27656] [2019-10-12 14:42:49,991] [root] [INFO] [program is dealing with 29512-f00.txt!]
[33396] [27656] [2019-10-12 14:42:49,994] [root] [INFO] [keywords=]
[33396] [27656] [2019-10-12 14:42:49,994] [root] [INFO] [keywords=]
[33396] [27656] [2019-10-12 14:42:50,037] [root] [INFO] [Populate Abbreviation List]
[33396] [27656] [2019-10-12 14:42:50,037] [root] [INFO] [Populate Abbreviation List]
[33396] [27656] [2019-10-12 14:42:50,046] [root] [INFO] [program is dealing with 29518-f00.txt!]
[33396] [27656] [2019-10-12 14:42:50,046] [root] [INFO] [program is dealing with 29518-f00.txt!]
[33396] [27656] [2019-10-12 14:42:50,049] [root] [INFO] [keywords=3GPP, 5G System]
[33396] [27656] [2019-10-12 14:42:50,049] [root] [INFO] [keywords=3GPP, 5G System]
[33396] [27656] [2019-10-12 14:42:50,446] [root] [INFO] [Populate Abbreviation List]
[33396] [27656] [2019-10-12 14:42:50,446] [root] [INFO] [Populate Abbreviation List]
[33396] [27656] [2019-10-12 14:42:50,462] [root] [INFO] [program is dealing with 29521-f00.txt!]
[33396] [27656] [2019-10-12 14:42:50,462] [root] [INFO] [program is dealing with 29521-f00.txt!]
[33396] [27656] [2019-10-12 14:42:50,463] [root] [INFO] [keywords=]
[33396] [27656] [2019-10-12 14:42:50,463] [root] [INFO] [keywords=]
[33396] [27656] [2019-10-12 14:42:50,466] [root] [INFO] [Populate Abbreviation List]
[33396] [27656] [2019-10-12 14:42:50,466] [root] [INFO] [Populate Abbreviation List]
[33396] [27656] [2019-10-12 14:42:50,469] [root] [INFO] [program is dealing with 29531-f00.txt!]
[33396] [27656] [2019-10-12 14:42:50,469] [root] [INFO] [program is dealing with 29531-f00.txt!]
[33396] [27656] [2019-10-12 14:42:50,471] [root] [INFO] [keywords=3GPP, 5G System]
[33396] [27656] [2019-10-12 14:42:50,471] [root] [INFO] [keywords=3GPP, 5G System]
[33396] [27656] [2019-10-12 14:42:50,480] [root] [INFO] [Populate Abbreviation List]
[33396] [27656] [2019-10-12 14:42:50,480] [root] [INFO] [Populate Abbreviation List]
[33396] [27656] [2019-10-12 14:42:50,488] [root] [INFO] [program is dealing with 29571-f00.txt!]
[33396] [27656] [2019-10-12 14:42:50,488] [root] [INFO] [program is dealing with 29571-f00.txt!]
[33396] [27656] [2019-10-12 14:42:50,490] [root] [INFO] [keywords=3GPP, 5G System]
[33396] [27656] [2019-10-12 14:42:50,490] [root] [INFO] [keywords=3GPP, 5G System]
[33396] [27656] [2019-10-12 14:42:50,499] [root] [INFO] [Populate Abbreviation List]
[33396] [27656] [2019-10-12 14:42:50,499] [root] [INFO] [Populate Abbreviation List]
[33396] [27656] [2019-10-12 14:42:50,503] [root] [INFO] [program is dealing with 29890-f20.txt!]
[33396] [27656] [2019-10-12 14:42:50,503] [root] [INFO] [program is dealing with 29890-f20.txt!]
[33396] [27656] [2019-10-12 14:42:50,506] [root] [INFO] [keywords=]
[33396] [27656] [2019-10-12 14:42:50,506] [root] [INFO] [keywords=]
[33396] [27656] [2019-10-12 14:42:50,786] [root] [INFO] [Populate Abbreviation List]
[33396] [27656] [2019-10-12 14:42:50,786] [root] [INFO] [Populate Abbreviation List]
[33396] [27656] [2019-10-12 14:42:50,804] [root] [INFO] [program is dealing with 32251-f50.txt!]
[33396] [27656] [2019-10-12 14:42:50,804] [root] [INFO] [program is dealing with 32251-f50.txt!]
[33396] [27656] [2019-10-12 14:42:50,809] [root] [INFO] [keywords=GSM, UMTS, LTE, charging, management, packet switched]
[33396] [27656] [2019-10-12 14:42:50,809] [root] [INFO] [keywords=GSM, UMTS, LTE, charging, management, packet switched]
[33396] [27656] [2019-10-12 14:42:50,888] [root] [INFO] [Populate Abbreviation List]
[33396] [27656] [2019-10-12 14:42:50,888] [root] [INFO] [Populate Abbreviation List]
[33396] [27656] [2019-10-12 14:42:50,907] [root] [INFO] [program is dealing with 32298-g10.txt!]
[33396] [27656] [2019-10-12 14:42:50,907] [root] [INFO] [program is dealing with 32298-g10.txt!]
[33396] [27656] [2019-10-12 14:42:50,912] [root] [INFO] [keywords=charging, management, protocol, CDR, ASN.1]
[33396] [27656] [2019-10-12 14:42:50,912] [root] [INFO] [keywords=charging, management, protocol, CDR, ASN.1]
[33396] [27656] [2019-10-12 14:42:51,208] [root] [INFO] [Populate Abbreviation List]
[33396] [27656] [2019-10-12 14:42:51,208] [root] [INFO] [Populate Abbreviation List]
[33396] [27656] [2019-10-12 14:42:51,236] [root] [INFO] [program is dealing with 32299-g10.txt!]
[33396] [27656] [2019-10-12 14:42:51,236] [root] [INFO] [program is dealing with 32299-g10.txt!]
[33396] [27656] [2019-10-12 14:42:51,238] [root] [INFO] [keywords=charging, management, protocol, Diameter]
[33396] [27656] [2019-10-12 14:42:51,238] [root] [INFO] [keywords=charging, management, protocol, Diameter]
[33396] [27656] [2019-10-12 14:42:51,395] [root] [INFO] [Populate Abbreviation List]
[33396] [27656] [2019-10-12 14:42:51,395] [root] [INFO] [Populate Abbreviation List]
[33396] [27656] [2019-10-12 14:42:51,420] [root] [INFO] [program is dealing with 36413-f20.txt!]
[33396] [27656] [2019-10-12 14:42:51,420] [root] [INFO] [program is dealing with 36413-f20.txt!]
[33396] [27656] [2019-10-12 14:42:51,426] [root] [INFO] [keywords=LTE, radio]
[33396] [27656] [2019-10-12 14:42:51,426] [root] [INFO] [keywords=LTE, radio]
[33396] [27656] [2019-10-12 14:42:52,176] [root] [INFO] [Populate Abbreviation List]
[33396] [27656] [2019-10-12 14:42:52,176] [root] [INFO] [Populate Abbreviation List]
[33396] [27656] [2019-10-12 14:42:52,214] [root] [INFO] [program is dealing with 37340-f20.txt!]
[33396] [27656] [2019-10-12 14:42:52,214] [root] [INFO] [program is dealing with 37340-f20.txt!]
[24100] [43880] [2019-10-12 14:46:09,458] [root] [INFO] [jsonGeneration program is starting!]
[24100] [43880] [2019-10-12 14:46:09,458] [root] [INFO] [jsonGeneration program is starting!]
[24100] [43880] [2019-10-12 14:46:09,458] [root] [INFO] [program is dealing with 23214-f30.txt!]
[24100] [43880] [2019-10-12 14:46:09,458] [root] [INFO] [program is dealing with 23214-f30.txt!]
[24100] [43880] [2019-10-12 14:46:09,461] [root] [INFO] [keywords=3GPP, Architecture, EPC, Control plane, User plane,Separation]
[24100] [43880] [2019-10-12 14:46:09,461] [root] [INFO] [keywords=3GPP, Architecture, EPC, Control plane, User plane,Separation]
[24100] [43880] [2019-10-12 14:46:09,507] [root] [INFO] [Populate Abbreviation List]
[24100] [43880] [2019-10-12 14:46:09,507] [root] [INFO] [Populate Abbreviation List]
[24100] [43880] [2019-10-12 14:46:09,517] [root] [INFO] [program is dealing with 23401-g30.txt!]
[24100] [43880] [2019-10-12 14:46:09,517] [root] [INFO] [program is dealing with 23401-g30.txt!]
[24100] [43880] [2019-10-12 14:46:09,524] [root] [INFO] [keywords=LTE, GSM, UMTS, GPRS, architecture, stage 2]
[24100] [43880] [2019-10-12 14:46:09,524] [root] [INFO] [keywords=LTE, GSM, UMTS, GPRS, architecture, stage 2]
[24100] [43880] [2019-10-12 14:46:10,192] [root] [INFO] [Populate Abbreviation List]
[24100] [43880] [2019-10-12 14:46:10,192] [root] [INFO] [Populate Abbreviation List]
[24100] [43880] [2019-10-12 14:46:10,228] [root] [INFO] [program is dealing with 24301-f30.txt!]
[24100] [43880] [2019-10-12 14:46:10,228] [root] [INFO] [program is dealing with 24301-f30.txt!]
[24100] [43880] [2019-10-12 14:46:10,237] [root] [INFO] [keywords=UMTS, GSM, EPS, GPRS, stage 3, radio, layer 3, user,equipment, network, LTE]
[24100] [43880] [2019-10-12 14:46:10,237] [root] [INFO] [keywords=UMTS, GSM, EPS, GPRS, stage 3, radio, layer 3, user,equipment, network, LTE]
[24100] [43880] [2019-10-12 14:46:11,217] [root] [INFO] [Populate Abbreviation List]
[24100] [43880] [2019-10-12 14:46:11,217] [root] [INFO] [Populate Abbreviation List]
[24100] [43880] [2019-10-12 14:46:11,267] [root] [INFO] [program is dealing with 24501-f00.txt!]
[24100] [43880] [2019-10-12 14:46:11,267] [root] [INFO] [program is dealing with 24501-f00.txt!]
[24100] [43880] [2019-10-12 14:46:11,273] [root] [INFO] [keywords=5G, 5GS, EPS, stage 3, layer 3, user equipment,network]
[24100] [43880] [2019-10-12 14:46:11,273] [root] [INFO] [keywords=5G, 5GS, EPS, stage 3, layer 3, user equipment,network]
[24100] [43880] [2019-10-12 14:46:13,465] [root] [INFO] [Populate Abbreviation List]
[24100] [43880] [2019-10-12 14:46:13,465] [root] [INFO] [Populate Abbreviation List]
[24100] [43880] [2019-10-12 14:46:13,502] [root] [INFO] [program is dealing with 29244-f20.txt!]
[24100] [43880] [2019-10-12 14:46:13,502] [root] [INFO] [program is dealing with 29244-f20.txt!]
[24100] [43880] [2019-10-12 14:46:13,507] [root] [INFO] [keywords=3GPP, EPC, PFCP]
[24100] [43880] [2019-10-12 14:46:13,507] [root] [INFO] [keywords=3GPP, EPC, PFCP]
[24100] [43880] [2019-10-12 14:46:13,752] [root] [INFO] [Populate Abbreviation List]
[24100] [43880] [2019-10-12 14:46:13,752] [root] [INFO] [Populate Abbreviation List]
[24100] [43880] [2019-10-12 14:46:13,770] [root] [INFO] [program is dealing with 29274-f40.txt!]
[24100] [43880] [2019-10-12 14:46:13,770] [root] [INFO] [program is dealing with 29274-f40.txt!]
[24100] [43880] [2019-10-12 14:46:13,777] [root] [INFO] [keywords=GSM, UMTS, packet mode, GPRS, LTE]
[24100] [43880] [2019-10-12 14:46:13,777] [root] [INFO] [keywords=GSM, UMTS, packet mode, GPRS, LTE]
[24100] [43880] [2019-10-12 14:46:14,091] [root] [INFO] [Populate Abbreviation List]
[24100] [43880] [2019-10-12 14:46:14,091] [root] [INFO] [Populate Abbreviation List]
[24100] [43880] [2019-10-12 14:46:14,123] [root] [INFO] [program is dealing with 29512-f00.txt!]
[24100] [43880] [2019-10-12 14:46:14,123] [root] [INFO] [program is dealing with 29512-f00.txt!]
[24100] [43880] [2019-10-12 14:46:14,125] [root] [INFO] [keywords=]
[24100] [43880] [2019-10-12 14:46:14,125] [root] [INFO] [keywords=]
[24100] [43880] [2019-10-12 14:46:14,169] [root] [INFO] [Populate Abbreviation List]
[24100] [43880] [2019-10-12 14:46:14,169] [root] [INFO] [Populate Abbreviation List]
[24100] [43880] [2019-10-12 14:46:14,179] [root] [INFO] [program is dealing with 29518-f00.txt!]
[24100] [43880] [2019-10-12 14:46:14,179] [root] [INFO] [program is dealing with 29518-f00.txt!]
[24100] [43880] [2019-10-12 14:46:14,182] [root] [INFO] [keywords=3GPP, 5G System]
[24100] [43880] [2019-10-12 14:46:14,182] [root] [INFO] [keywords=3GPP, 5G System]
[24100] [43880] [2019-10-12 14:46:14,572] [root] [INFO] [Populate Abbreviation List]
[24100] [43880] [2019-10-12 14:46:14,572] [root] [INFO] [Populate Abbreviation List]
[24100] [43880] [2019-10-12 14:46:14,589] [root] [INFO] [program is dealing with 29521-f00.txt!]
[24100] [43880] [2019-10-12 14:46:14,589] [root] [INFO] [program is dealing with 29521-f00.txt!]
[24100] [43880] [2019-10-12 14:46:14,590] [root] [INFO] [keywords=]
[24100] [43880] [2019-10-12 14:46:14,590] [root] [INFO] [keywords=]
[24100] [43880] [2019-10-12 14:46:14,593] [root] [INFO] [Populate Abbreviation List]
[24100] [43880] [2019-10-12 14:46:14,593] [root] [INFO] [Populate Abbreviation List]
[24100] [43880] [2019-10-12 14:46:14,596] [root] [INFO] [program is dealing with 29531-f00.txt!]
[24100] [43880] [2019-10-12 14:46:14,596] [root] [INFO] [program is dealing with 29531-f00.txt!]
[24100] [43880] [2019-10-12 14:46:14,597] [root] [INFO] [keywords=3GPP, 5G System]
[24100] [43880] [2019-10-12 14:46:14,597] [root] [INFO] [keywords=3GPP, 5G System]
[24100] [43880] [2019-10-12 14:46:14,604] [root] [INFO] [Populate Abbreviation List]
[24100] [43880] [2019-10-12 14:46:14,604] [root] [INFO] [Populate Abbreviation List]
[24100] [43880] [2019-10-12 14:46:14,610] [root] [INFO] [program is dealing with 29571-f00.txt!]
[24100] [43880] [2019-10-12 14:46:14,610] [root] [INFO] [program is dealing with 29571-f00.txt!]
[24100] [43880] [2019-10-12 14:46:14,612] [root] [INFO] [keywords=3GPP, 5G System]
[24100] [43880] [2019-10-12 14:46:14,612] [root] [INFO] [keywords=3GPP, 5G System]
[24100] [43880] [2019-10-12 14:46:14,621] [root] [INFO] [Populate Abbreviation List]
[24100] [43880] [2019-10-12 14:46:14,621] [root] [INFO] [Populate Abbreviation List]
[24100] [43880] [2019-10-12 14:46:14,625] [root] [INFO] [program is dealing with 29890-f20.txt!]
[24100] [43880] [2019-10-12 14:46:14,625] [root] [INFO] [program is dealing with 29890-f20.txt!]
[24100] [43880] [2019-10-12 14:46:14,628] [root] [INFO] [keywords=]
[24100] [43880] [2019-10-12 14:46:14,628] [root] [INFO] [keywords=]
[24100] [43880] [2019-10-12 14:46:14,912] [root] [INFO] [Populate Abbreviation List]
[24100] [43880] [2019-10-12 14:46:14,912] [root] [INFO] [Populate Abbreviation List]
[24100] [43880] [2019-10-12 14:46:14,929] [root] [INFO] [program is dealing with 32251-f50.txt!]
[24100] [43880] [2019-10-12 14:46:14,929] [root] [INFO] [program is dealing with 32251-f50.txt!]
[24100] [43880] [2019-10-12 14:46:14,937] [root] [INFO] [keywords=GSM, UMTS, LTE, charging, management, packet switched]
[24100] [43880] [2019-10-12 14:46:14,937] [root] [INFO] [keywords=GSM, UMTS, LTE, charging, management, packet switched]
[24100] [43880] [2019-10-12 14:46:15,020] [root] [INFO] [Populate Abbreviation List]
[24100] [43880] [2019-10-12 14:46:15,020] [root] [INFO] [Populate Abbreviation List]
[24100] [43880] [2019-10-12 14:46:15,040] [root] [INFO] [program is dealing with 32298-g10.txt!]
[24100] [43880] [2019-10-12 14:46:15,040] [root] [INFO] [program is dealing with 32298-g10.txt!]
[24100] [43880] [2019-10-12 14:46:15,045] [root] [INFO] [keywords=charging, management, protocol, CDR, ASN.1]
[24100] [43880] [2019-10-12 14:46:15,045] [root] [INFO] [keywords=charging, management, protocol, CDR, ASN.1]
[24100] [43880] [2019-10-12 14:46:15,340] [root] [INFO] [Populate Abbreviation List]
[24100] [43880] [2019-10-12 14:46:15,340] [root] [INFO] [Populate Abbreviation List]
[24100] [43880] [2019-10-12 14:46:15,367] [root] [INFO] [program is dealing with 32299-g10.txt!]
[24100] [43880] [2019-10-12 14:46:15,367] [root] [INFO] [program is dealing with 32299-g10.txt!]
[24100] [43880] [2019-10-12 14:46:15,369] [root] [INFO] [keywords=charging, management, protocol, Diameter]
[24100] [43880] [2019-10-12 14:46:15,369] [root] [INFO] [keywords=charging, management, protocol, Diameter]
[24100] [43880] [2019-10-12 14:46:15,529] [root] [INFO] [Populate Abbreviation List]
[24100] [43880] [2019-10-12 14:46:15,529] [root] [INFO] [Populate Abbreviation List]
[24100] [43880] [2019-10-12 14:46:15,548] [root] [INFO] [program is dealing with 36413-f20.txt!]
[24100] [43880] [2019-10-12 14:46:15,548] [root] [INFO] [program is dealing with 36413-f20.txt!]
[24100] [43880] [2019-10-12 14:46:15,554] [root] [INFO] [keywords=LTE, radio]
[24100] [43880] [2019-10-12 14:46:15,554] [root] [INFO] [keywords=LTE, radio]
[24100] [43880] [2019-10-12 14:46:16,274] [root] [INFO] [Populate Abbreviation List]
[24100] [43880] [2019-10-12 14:46:16,274] [root] [INFO] [Populate Abbreviation List]
[24100] [43880] [2019-10-12 14:46:16,314] [root] [INFO] [program is dealing with 37340-f20.txt!]
[24100] [43880] [2019-10-12 14:46:16,314] [root] [INFO] [program is dealing with 37340-f20.txt!]
[24100] [43880] [2019-10-12 14:46:16,316] [root] [INFO] [keywords=None]
[24100] [43880] [2019-10-12 14:46:16,316] [root] [INFO] [keywords=None]
[24100] [43880] [2019-10-12 14:46:16,346] [root] [INFO] [Populate Abbreviation List]
[24100] [43880] [2019-10-12 14:46:16,346] [root] [INFO] [Populate Abbreviation List]
[24100] [43880] [2019-10-12 14:46:16,352] [root] [INFO] [program is dealing with 38331-f21.txt!]
[24100] [43880] [2019-10-12 14:46:16,352] [root] [INFO] [program is dealing with 38331-f21.txt!]
[24100] [43880] [2019-10-12 14:46:16,357] [root] [INFO] [keywords=None]
[24100] [43880] [2019-10-12 14:46:16,357] [root] [INFO] [keywords=None]
[24100] [43880] [2019-10-12 14:46:16,594] [root] [INFO] [Populate Abbreviation List]
[24100] [43880] [2019-10-12 14:46:16,594] [root] [INFO] [Populate Abbreviation List]
[24100] [43880] [2019-10-12 14:46:16,620] [root] [INFO] [program is dealing with 38414-f00.txt!]
[24100] [43880] [2019-10-12 14:46:16,620] [root] [INFO] [program is dealing with 38414-f00.txt!]
[24100] [43880] [2019-10-12 14:46:16,622] [root] [INFO] [keywords=None]
[24100] [43880] [2019-10-12 14:46:16,622] [root] [INFO] [keywords=None]
[24100] [43880] [2019-10-12 14:46:16,623] [root] [INFO] [Populate Abbreviation List]
[24100] [43880] [2019-10-12 14:46:16,623] [root] [INFO] [Populate Abbreviation List]
[43184] [42360] [2019-10-12 15:02:30,004] [root] [INFO] [jsonGeneration program is starting!]
[43184] [42360] [2019-10-12 15:02:30,004] [root] [INFO] [jsonGeneration program is starting!]
[43184] [42360] [2019-10-12 15:02:30,004] [root] [INFO] [program is dealing with 23214-f30.txt!]
[43184] [42360] [2019-10-12 15:02:30,004] [root] [INFO] [program is dealing with 23214-f30.txt!]
[43184] [42360] [2019-10-12 15:02:30,006] [root] [INFO] [keywords=3GPP, Architecture, EPC, Control plane, User plane,Separation]
[43184] [42360] [2019-10-12 15:02:30,006] [root] [INFO] [keywords=3GPP, Architecture, EPC, Control plane, User plane,Separation]
[43184] [42360] [2019-10-12 15:02:30,045] [root] [INFO] [Populate Abbreviation List]
[43184] [42360] [2019-10-12 15:02:30,045] [root] [INFO] [Populate Abbreviation List]
[43184] [42360] [2019-10-12 15:02:30,055] [root] [INFO] [program is dealing with 23401-g30.txt!]
[43184] [42360] [2019-10-12 15:02:30,055] [root] [INFO] [program is dealing with 23401-g30.txt!]
[43184] [42360] [2019-10-12 15:02:30,061] [root] [INFO] [keywords=LTE, GSM, UMTS, GPRS, architecture, stage 2]
[43184] [42360] [2019-10-12 15:02:30,061] [root] [INFO] [keywords=LTE, GSM, UMTS, GPRS, architecture, stage 2]
[43184] [42360] [2019-10-12 15:02:30,822] [root] [INFO] [Populate Abbreviation List]
[43184] [42360] [2019-10-12 15:02:30,822] [root] [INFO] [Populate Abbreviation List]
[43184] [42360] [2019-10-12 15:02:30,854] [root] [INFO] [program is dealing with 24301-f30.txt!]
[43184] [42360] [2019-10-12 15:02:30,854] [root] [INFO] [program is dealing with 24301-f30.txt!]
[43184] [42360] [2019-10-12 15:02:30,862] [root] [INFO] [keywords=UMTS, GSM, EPS, GPRS, stage 3, radio, layer 3, user,equipment, network, LTE]
[43184] [42360] [2019-10-12 15:02:30,862] [root] [INFO] [keywords=UMTS, GSM, EPS, GPRS, stage 3, radio, layer 3, user,equipment, network, LTE]
[43184] [42360] [2019-10-12 15:02:31,866] [root] [INFO] [Populate Abbreviation List]
[43184] [42360] [2019-10-12 15:02:31,866] [root] [INFO] [Populate Abbreviation List]
[43184] [42360] [2019-10-12 15:02:31,930] [root] [INFO] [program is dealing with 24501-f00.txt!]
[43184] [42360] [2019-10-12 15:02:31,930] [root] [INFO] [program is dealing with 24501-f00.txt!]
[43184] [42360] [2019-10-12 15:02:31,936] [root] [INFO] [keywords=5G, 5GS, EPS, stage 3, layer 3, user equipment,network]
[43184] [42360] [2019-10-12 15:02:31,936] [root] [INFO] [keywords=5G, 5GS, EPS, stage 3, layer 3, user equipment,network]
[43184] [42360] [2019-10-12 15:02:33,949] [root] [INFO] [Populate Abbreviation List]
[43184] [42360] [2019-10-12 15:02:33,949] [root] [INFO] [Populate Abbreviation List]
[43184] [42360] [2019-10-12 15:02:33,981] [root] [INFO] [program is dealing with 29244-f20.txt!]
[43184] [42360] [2019-10-12 15:02:33,981] [root] [INFO] [program is dealing with 29244-f20.txt!]
[43184] [42360] [2019-10-12 15:02:33,985] [root] [INFO] [keywords=3GPP, EPC, PFCP]
[43184] [42360] [2019-10-12 15:02:33,985] [root] [INFO] [keywords=3GPP, EPC, PFCP]
[43184] [42360] [2019-10-12 15:02:34,209] [root] [INFO] [Populate Abbreviation List]
[43184] [42360] [2019-10-12 15:02:34,209] [root] [INFO] [Populate Abbreviation List]
[43184] [42360] [2019-10-12 15:02:34,227] [root] [INFO] [program is dealing with 29274-f40.txt!]
[43184] [42360] [2019-10-12 15:02:34,227] [root] [INFO] [program is dealing with 29274-f40.txt!]
[43184] [42360] [2019-10-12 15:02:34,235] [root] [INFO] [keywords=GSM, UMTS, packet mode, GPRS, LTE]
[43184] [42360] [2019-10-12 15:02:34,235] [root] [INFO] [keywords=GSM, UMTS, packet mode, GPRS, LTE]
[43184] [42360] [2019-10-12 15:02:34,570] [root] [INFO] [Populate Abbreviation List]
[43184] [42360] [2019-10-12 15:02:34,570] [root] [INFO] [Populate Abbreviation List]
[43184] [42360] [2019-10-12 15:02:34,607] [root] [INFO] [program is dealing with 29512-f00.txt!]
[43184] [42360] [2019-10-12 15:02:34,607] [root] [INFO] [program is dealing with 29512-f00.txt!]
[43184] [42360] [2019-10-12 15:02:34,610] [root] [INFO] [keywords=]
[43184] [42360] [2019-10-12 15:02:34,610] [root] [INFO] [keywords=]
[43184] [42360] [2019-10-12 15:02:34,651] [root] [INFO] [Populate Abbreviation List]
[43184] [42360] [2019-10-12 15:02:34,651] [root] [INFO] [Populate Abbreviation List]
[43184] [42360] [2019-10-12 15:02:34,662] [root] [INFO] [program is dealing with 29518-f00.txt!]
[43184] [42360] [2019-10-12 15:02:34,662] [root] [INFO] [program is dealing with 29518-f00.txt!]
[43184] [42360] [2019-10-12 15:02:34,665] [root] [INFO] [keywords=3GPP, 5G System]
[43184] [42360] [2019-10-12 15:02:34,665] [root] [INFO] [keywords=3GPP, 5G System]
[43184] [42360] [2019-10-12 15:02:35,140] [root] [INFO] [Populate Abbreviation List]
[43184] [42360] [2019-10-12 15:02:35,140] [root] [INFO] [Populate Abbreviation List]
[43184] [42360] [2019-10-12 15:02:35,163] [root] [INFO] [program is dealing with 29521-f00.txt!]
[43184] [42360] [2019-10-12 15:02:35,163] [root] [INFO] [program is dealing with 29521-f00.txt!]
[43184] [42360] [2019-10-12 15:02:35,164] [root] [INFO] [keywords=]
[43184] [42360] [2019-10-12 15:02:35,164] [root] [INFO] [keywords=]
[43184] [42360] [2019-10-12 15:02:35,167] [root] [INFO] [Populate Abbreviation List]
[43184] [42360] [2019-10-12 15:02:35,167] [root] [INFO] [Populate Abbreviation List]
[43184] [42360] [2019-10-12 15:02:35,172] [root] [INFO] [program is dealing with 29531-f00.txt!]
[43184] [42360] [2019-10-12 15:02:35,172] [root] [INFO] [program is dealing with 29531-f00.txt!]
[43184] [42360] [2019-10-12 15:02:35,176] [root] [INFO] [keywords=3GPP, 5G System]
[43184] [42360] [2019-10-12 15:02:35,176] [root] [INFO] [keywords=3GPP, 5G System]
[43184] [42360] [2019-10-12 15:02:35,193] [root] [INFO] [Populate Abbreviation List]
[43184] [42360] [2019-10-12 15:02:35,193] [root] [INFO] [Populate Abbreviation List]
[43184] [42360] [2019-10-12 15:02:35,206] [root] [INFO] [program is dealing with 29571-f00.txt!]
[43184] [42360] [2019-10-12 15:02:35,206] [root] [INFO] [program is dealing with 29571-f00.txt!]
[43184] [42360] [2019-10-12 15:02:35,208] [root] [INFO] [keywords=3GPP, 5G System]
[43184] [42360] [2019-10-12 15:02:35,208] [root] [INFO] [keywords=3GPP, 5G System]
[43184] [42360] [2019-10-12 15:02:35,217] [root] [INFO] [Populate Abbreviation List]
[43184] [42360] [2019-10-12 15:02:35,217] [root] [INFO] [Populate Abbreviation List]
[43184] [42360] [2019-10-12 15:02:35,223] [root] [INFO] [program is dealing with 29890-f20.txt!]
[43184] [42360] [2019-10-12 15:02:35,223] [root] [INFO] [program is dealing with 29890-f20.txt!]
[43184] [42360] [2019-10-12 15:02:35,226] [root] [INFO] [keywords=]
[43184] [42360] [2019-10-12 15:02:35,226] [root] [INFO] [keywords=]
[43184] [42360] [2019-10-12 15:02:35,543] [root] [INFO] [Populate Abbreviation List]
[43184] [42360] [2019-10-12 15:02:35,543] [root] [INFO] [Populate Abbreviation List]
[43184] [42360] [2019-10-12 15:02:35,563] [root] [INFO] [program is dealing with 32251-f50.txt!]
[43184] [42360] [2019-10-12 15:02:35,563] [root] [INFO] [program is dealing with 32251-f50.txt!]
[43184] [42360] [2019-10-12 15:02:35,567] [root] [INFO] [keywords=GSM, UMTS, LTE, charging, management, packet switched]
[43184] [42360] [2019-10-12 15:02:35,567] [root] [INFO] [keywords=GSM, UMTS, LTE, charging, management, packet switched]
[43184] [42360] [2019-10-12 15:02:35,655] [root] [INFO] [Populate Abbreviation List]
[43184] [42360] [2019-10-12 15:02:35,655] [root] [INFO] [Populate Abbreviation List]
[43184] [42360] [2019-10-12 15:02:35,680] [root] [INFO] [program is dealing with 32298-g10.txt!]
[43184] [42360] [2019-10-12 15:02:35,680] [root] [INFO] [program is dealing with 32298-g10.txt!]
[43184] [42360] [2019-10-12 15:02:35,690] [root] [INFO] [keywords=charging, management, protocol, CDR, ASN.1]
[43184] [42360] [2019-10-12 15:02:35,690] [root] [INFO] [keywords=charging, management, protocol, CDR, ASN.1]
[43184] [42360] [2019-10-12 15:02:36,075] [root] [INFO] [Populate Abbreviation List]
[43184] [42360] [2019-10-12 15:02:36,075] [root] [INFO] [Populate Abbreviation List]
[43184] [42360] [2019-10-12 15:02:36,116] [root] [INFO] [program is dealing with 32299-g10.txt!]
[43184] [42360] [2019-10-12 15:02:36,116] [root] [INFO] [program is dealing with 32299-g10.txt!]
[43184] [42360] [2019-10-12 15:02:36,120] [root] [INFO] [keywords=charging, management, protocol, Diameter]
[43184] [42360] [2019-10-12 15:02:36,120] [root] [INFO] [keywords=charging, management, protocol, Diameter]
[43184] [42360] [2019-10-12 15:02:36,396] [root] [INFO] [Populate Abbreviation List]
[43184] [42360] [2019-10-12 15:02:36,396] [root] [INFO] [Populate Abbreviation List]
[43184] [42360] [2019-10-12 15:02:36,422] [root] [INFO] [program is dealing with 36413-f20.txt!]
[43184] [42360] [2019-10-12 15:02:36,422] [root] [INFO] [program is dealing with 36413-f20.txt!]
[43184] [42360] [2019-10-12 15:02:36,433] [root] [INFO] [keywords=LTE, radio]
[43184] [42360] [2019-10-12 15:02:36,433] [root] [INFO] [keywords=LTE, radio]
[43184] [42360] [2019-10-12 15:02:37,235] [root] [INFO] [Populate Abbreviation List]
[43184] [42360] [2019-10-12 15:02:37,235] [root] [INFO] [Populate Abbreviation List]
[43184] [42360] [2019-10-12 15:02:37,274] [root] [INFO] [program is dealing with 37340-f20.txt!]
[43184] [42360] [2019-10-12 15:02:37,274] [root] [INFO] [program is dealing with 37340-f20.txt!]
[43184] [42360] [2019-10-12 15:02:37,276] [root] [INFO] [keywords=None]
[43184] [42360] [2019-10-12 15:02:37,276] [root] [INFO] [keywords=None]
[43184] [42360] [2019-10-12 15:02:37,304] [root] [INFO] [Populate Abbreviation List]
[43184] [42360] [2019-10-12 15:02:37,304] [root] [INFO] [Populate Abbreviation List]
[43184] [42360] [2019-10-12 15:02:37,310] [root] [INFO] [program is dealing with 38331-f21.txt!]
[43184] [42360] [2019-10-12 15:02:37,310] [root] [INFO] [program is dealing with 38331-f21.txt!]
[43184] [42360] [2019-10-12 15:02:37,315] [root] [INFO] [keywords=None]
[43184] [42360] [2019-10-12 15:02:37,315] [root] [INFO] [keywords=None]
[43184] [42360] [2019-10-12 15:02:37,617] [root] [INFO] [Populate Abbreviation List]
[43184] [42360] [2019-10-12 15:02:37,617] [root] [INFO] [Populate Abbreviation List]
[43184] [42360] [2019-10-12 15:02:37,638] [root] [INFO] [program is dealing with 38414-f00.txt!]
[43184] [42360] [2019-10-12 15:02:37,638] [root] [INFO] [program is dealing with 38414-f00.txt!]
[43184] [42360] [2019-10-12 15:02:37,639] [root] [INFO] [keywords=None]
[43184] [42360] [2019-10-12 15:02:37,639] [root] [INFO] [keywords=None]
[43184] [42360] [2019-10-12 15:02:37,639] [root] [INFO] [Populate Abbreviation List]
[43184] [42360] [2019-10-12 15:02:37,639] [root] [INFO] [Populate Abbreviation List]
[3048] [36852] [2019-10-12 17:45:55,824] [root] [INFO] [jsonGeneration program is starting!]
[3048] [36852] [2019-10-12 17:45:55,824] [root] [INFO] [jsonGeneration program is starting!]
[3048] [36852] [2019-10-12 17:45:55,825] [root] [INFO] [program is dealing with 23214-f30.txt!]
[3048] [36852] [2019-10-12 17:45:55,825] [root] [INFO] [program is dealing with 23214-f30.txt!]
[3048] [36852] [2019-10-12 17:45:55,828] [root] [INFO] [keywords=3GPP, Architecture, EPC, Control plane, User plane,Separation]
[3048] [36852] [2019-10-12 17:45:55,828] [root] [INFO] [keywords=3GPP, Architecture, EPC, Control plane, User plane,Separation]
[3048] [36852] [2019-10-12 17:45:55,855] [root] [INFO] [Populate Abbreviation List]
[3048] [36852] [2019-10-12 17:45:55,855] [root] [INFO] [Populate Abbreviation List]
[3048] [36852] [2019-10-12 17:45:55,865] [root] [INFO] [program is dealing with 23401-g30.txt!]
[3048] [36852] [2019-10-12 17:45:55,865] [root] [INFO] [program is dealing with 23401-g30.txt!]
[3048] [36852] [2019-10-12 17:45:55,874] [root] [INFO] [keywords=LTE, GSM, UMTS, GPRS, architecture, stage 2]
[3048] [36852] [2019-10-12 17:45:55,874] [root] [INFO] [keywords=LTE, GSM, UMTS, GPRS, architecture, stage 2]
[3048] [36852] [2019-10-12 17:45:56,547] [root] [INFO] [Populate Abbreviation List]
[3048] [36852] [2019-10-12 17:45:56,547] [root] [INFO] [Populate Abbreviation List]
[3048] [36852] [2019-10-12 17:45:56,580] [root] [INFO] [program is dealing with 24301-f30.txt!]
[3048] [36852] [2019-10-12 17:45:56,580] [root] [INFO] [program is dealing with 24301-f30.txt!]
[3048] [36852] [2019-10-12 17:45:56,589] [root] [INFO] [keywords=UMTS, GSM, EPS, GPRS, stage 3, radio, layer 3, user,equipment, network, LTE]
[3048] [36852] [2019-10-12 17:45:56,589] [root] [INFO] [keywords=UMTS, GSM, EPS, GPRS, stage 3, radio, layer 3, user,equipment, network, LTE]
[3048] [36852] [2019-10-12 17:45:58,017] [root] [INFO] [Populate Abbreviation List]
[3048] [36852] [2019-10-12 17:45:58,017] [root] [INFO] [Populate Abbreviation List]
[3048] [36852] [2019-10-12 17:45:58,071] [root] [INFO] [program is dealing with 24501-f00.txt!]
[3048] [36852] [2019-10-12 17:45:58,071] [root] [INFO] [program is dealing with 24501-f00.txt!]
[3048] [36852] [2019-10-12 17:45:58,077] [root] [INFO] [keywords=5G, 5GS, EPS, stage 3, layer 3, user equipment,network]
[3048] [36852] [2019-10-12 17:45:58,077] [root] [INFO] [keywords=5G, 5GS, EPS, stage 3, layer 3, user equipment,network]
[3048] [36852] [2019-10-12 17:45:58,844] [root] [INFO] [Populate Abbreviation List]
[3048] [36852] [2019-10-12 17:45:58,844] [root] [INFO] [Populate Abbreviation List]
[3048] [36852] [2019-10-12 17:45:58,881] [root] [INFO] [program is dealing with 29244-f20.txt!]
[3048] [36852] [2019-10-12 17:45:58,881] [root] [INFO] [program is dealing with 29244-f20.txt!]
[3048] [36852] [2019-10-12 17:45:58,885] [root] [INFO] [keywords=3GPP, EPC, PFCP]
[3048] [36852] [2019-10-12 17:45:58,885] [root] [INFO] [keywords=3GPP, EPC, PFCP]
[3048] [36852] [2019-10-12 17:45:59,147] [root] [INFO] [Populate Abbreviation List]
[3048] [36852] [2019-10-12 17:45:59,147] [root] [INFO] [Populate Abbreviation List]
[3048] [36852] [2019-10-12 17:45:59,168] [root] [INFO] [program is dealing with 29274-f40.txt!]
[3048] [36852] [2019-10-12 17:45:59,168] [root] [INFO] [program is dealing with 29274-f40.txt!]
[3048] [36852] [2019-10-12 17:45:59,175] [root] [INFO] [keywords=GSM, UMTS, packet mode, GPRS, LTE]
[3048] [36852] [2019-10-12 17:45:59,175] [root] [INFO] [keywords=GSM, UMTS, packet mode, GPRS, LTE]
[3048] [36852] [2019-10-12 17:45:59,362] [root] [INFO] [Populate Abbreviation List]
[3048] [36852] [2019-10-12 17:45:59,362] [root] [INFO] [Populate Abbreviation List]
[3048] [36852] [2019-10-12 17:45:59,396] [root] [INFO] [program is dealing with 29512-f00.txt!]
[3048] [36852] [2019-10-12 17:45:59,396] [root] [INFO] [program is dealing with 29512-f00.txt!]
[3048] [36852] [2019-10-12 17:45:59,398] [root] [INFO] [keywords=]
[3048] [36852] [2019-10-12 17:45:59,398] [root] [INFO] [keywords=]
[3048] [36852] [2019-10-12 17:45:59,444] [root] [INFO] [Populate Abbreviation List]
[3048] [36852] [2019-10-12 17:45:59,444] [root] [INFO] [Populate Abbreviation List]
[3048] [36852] [2019-10-12 17:45:59,458] [root] [INFO] [program is dealing with 29518-f00.txt!]
[3048] [36852] [2019-10-12 17:45:59,458] [root] [INFO] [program is dealing with 29518-f00.txt!]
[3048] [36852] [2019-10-12 17:45:59,461] [root] [INFO] [keywords=3GPP, 5G System]
[3048] [36852] [2019-10-12 17:45:59,461] [root] [INFO] [keywords=3GPP, 5G System]
[3048] [36852] [2019-10-12 17:45:59,555] [root] [INFO] [Populate Abbreviation List]
[3048] [36852] [2019-10-12 17:45:59,555] [root] [INFO] [Populate Abbreviation List]
[3048] [36852] [2019-10-12 17:45:59,574] [root] [INFO] [program is dealing with 29521-f00.txt!]
[3048] [36852] [2019-10-12 17:45:59,574] [root] [INFO] [program is dealing with 29521-f00.txt!]
[3048] [36852] [2019-10-12 17:45:59,576] [root] [INFO] [keywords=]
[3048] [36852] [2019-10-12 17:45:59,576] [root] [INFO] [keywords=]
[3048] [36852] [2019-10-12 17:45:59,578] [root] [INFO] [Populate Abbreviation List]
[3048] [36852] [2019-10-12 17:45:59,578] [root] [INFO] [Populate Abbreviation List]
[3048] [36852] [2019-10-12 17:45:59,584] [root] [INFO] [program is dealing with 29531-f00.txt!]
[3048] [36852] [2019-10-12 17:45:59,584] [root] [INFO] [program is dealing with 29531-f00.txt!]
[3048] [36852] [2019-10-12 17:45:59,585] [root] [INFO] [keywords=3GPP, 5G System]
[3048] [36852] [2019-10-12 17:45:59,585] [root] [INFO] [keywords=3GPP, 5G System]
[3048] [36852] [2019-10-12 17:45:59,601] [root] [INFO] [Populate Abbreviation List]
[3048] [36852] [2019-10-12 17:45:59,601] [root] [INFO] [Populate Abbreviation List]
[3048] [36852] [2019-10-12 17:45:59,608] [root] [INFO] [program is dealing with 29571-f00.txt!]
[3048] [36852] [2019-10-12 17:45:59,608] [root] [INFO] [program is dealing with 29571-f00.txt!]
[3048] [36852] [2019-10-12 17:45:59,610] [root] [INFO] [keywords=3GPP, 5G System]
[3048] [36852] [2019-10-12 17:45:59,610] [root] [INFO] [keywords=3GPP, 5G System]
[3048] [36852] [2019-10-12 17:45:59,613] [root] [INFO] [Populate Abbreviation List]
[3048] [36852] [2019-10-12 17:45:59,613] [root] [INFO] [Populate Abbreviation List]
[3048] [36852] [2019-10-12 17:45:59,619] [root] [INFO] [program is dealing with 29890-f20.txt!]
[3048] [36852] [2019-10-12 17:45:59,619] [root] [INFO] [program is dealing with 29890-f20.txt!]
[3048] [36852] [2019-10-12 17:45:59,623] [root] [INFO] [keywords=]
[3048] [36852] [2019-10-12 17:45:59,623] [root] [INFO] [keywords=]
[3048] [36852] [2019-10-12 17:45:59,877] [root] [INFO] [Populate Abbreviation List]
[3048] [36852] [2019-10-12 17:45:59,877] [root] [INFO] [Populate Abbreviation List]
[3048] [36852] [2019-10-12 17:45:59,896] [root] [INFO] [program is dealing with 32251-f50.txt!]
[3048] [36852] [2019-10-12 17:45:59,896] [root] [INFO] [program is dealing with 32251-f50.txt!]
[3048] [36852] [2019-10-12 17:45:59,901] [root] [INFO] [keywords=GSM, UMTS, LTE, charging, management, packet switched]
[3048] [36852] [2019-10-12 17:45:59,901] [root] [INFO] [keywords=GSM, UMTS, LTE, charging, management, packet switched]
[3048] [36852] [2019-10-12 17:46:00,049] [root] [INFO] [Populate Abbreviation List]
[3048] [36852] [2019-10-12 17:46:00,049] [root] [INFO] [Populate Abbreviation List]
[3048] [36852] [2019-10-12 17:46:00,069] [root] [INFO] [program is dealing with 32298-g10.txt!]
[3048] [36852] [2019-10-12 17:46:00,069] [root] [INFO] [program is dealing with 32298-g10.txt!]
[3048] [36852] [2019-10-12 17:46:00,074] [root] [INFO] [keywords=charging, management, protocol, CDR, ASN.1]
[3048] [36852] [2019-10-12 17:46:00,074] [root] [INFO] [keywords=charging, management, protocol, CDR, ASN.1]
[3048] [36852] [2019-10-12 17:46:00,216] [root] [INFO] [Populate Abbreviation List]
[3048] [36852] [2019-10-12 17:46:00,216] [root] [INFO] [Populate Abbreviation List]
[3048] [36852] [2019-10-12 17:46:00,246] [root] [INFO] [program is dealing with 32299-g10.txt!]
[3048] [36852] [2019-10-12 17:46:00,246] [root] [INFO] [program is dealing with 32299-g10.txt!]
[3048] [36852] [2019-10-12 17:46:00,248] [root] [INFO] [keywords=charging, management, protocol, Diameter]
[3048] [36852] [2019-10-12 17:46:00,248] [root] [INFO] [keywords=charging, management, protocol, Diameter]
[3048] [36852] [2019-10-12 17:46:00,384] [root] [INFO] [Populate Abbreviation List]
[3048] [36852] [2019-10-12 17:46:00,384] [root] [INFO] [Populate Abbreviation List]
[3048] [36852] [2019-10-12 17:46:00,407] [root] [INFO] [program is dealing with 36413-f20.txt!]
[3048] [36852] [2019-10-12 17:46:00,407] [root] [INFO] [program is dealing with 36413-f20.txt!]
[3048] [36852] [2019-10-12 17:46:00,413] [root] [INFO] [keywords=LTE, radio]
[3048] [36852] [2019-10-12 17:46:00,413] [root] [INFO] [keywords=LTE, radio]
[3048] [36852] [2019-10-12 17:46:00,578] [root] [INFO] [Populate Abbreviation List]
[3048] [36852] [2019-10-12 17:46:00,578] [root] [INFO] [Populate Abbreviation List]
[3048] [36852] [2019-10-12 17:46:00,612] [root] [INFO] [program is dealing with 37340-f20.txt!]
[3048] [36852] [2019-10-12 17:46:00,612] [root] [INFO] [program is dealing with 37340-f20.txt!]
[3048] [36852] [2019-10-12 17:46:00,614] [root] [INFO] [keywords=None]
[3048] [36852] [2019-10-12 17:46:00,614] [root] [INFO] [keywords=None]
[3048] [36852] [2019-10-12 17:46:00,618] [root] [INFO] [Populate Abbreviation List]
[3048] [36852] [2019-10-12 17:46:00,618] [root] [INFO] [Populate Abbreviation List]
[3048] [36852] [2019-10-12 17:46:00,625] [root] [INFO] [program is dealing with 38331-f21.txt!]
[3048] [36852] [2019-10-12 17:46:00,625] [root] [INFO] [program is dealing with 38331-f21.txt!]
[3048] [36852] [2019-10-12 17:46:00,630] [root] [INFO] [keywords=None]
[3048] [36852] [2019-10-12 17:46:00,630] [root] [INFO] [keywords=None]
[3048] [36852] [2019-10-12 17:46:00,693] [root] [INFO] [Populate Abbreviation List]
[3048] [36852] [2019-10-12 17:46:00,693] [root] [INFO] [Populate Abbreviation List]
[3048] [36852] [2019-10-12 17:46:00,715] [root] [INFO] [program is dealing with 38414-f00.txt!]
[3048] [36852] [2019-10-12 17:46:00,715] [root] [INFO] [program is dealing with 38414-f00.txt!]
[3048] [36852] [2019-10-12 17:46:00,717] [root] [INFO] [keywords=None]
[3048] [36852] [2019-10-12 17:46:00,717] [root] [INFO] [keywords=None]
[3048] [36852] [2019-10-12 17:46:00,717] [root] [INFO] [Populate Abbreviation List]
[3048] [36852] [2019-10-12 17:46:00,717] [root] [INFO] [Populate Abbreviation List]
[45592] [28660] [2019-10-12 18:56:25,435] [root] [INFO] [jsonGeneration program is starting!]
[45592] [28660] [2019-10-12 18:56:25,435] [root] [INFO] [jsonGeneration program is starting!]
[45592] [28660] [2019-10-12 18:56:25,435] [root] [INFO] [program is dealing with 23214-f30.txt!]
[45592] [28660] [2019-10-12 18:56:25,435] [root] [INFO] [program is dealing with 23214-f30.txt!]
[45592] [28660] [2019-10-12 18:56:25,437] [root] [INFO] [keywords=3GPP, Architecture, EPC, Control plane, User plane,Separation]
[45592] [28660] [2019-10-12 18:56:25,437] [root] [INFO] [keywords=3GPP, Architecture, EPC, Control plane, User plane,Separation]
[45592] [28660] [2019-10-12 18:56:25,476] [root] [INFO] [Populate Abbreviation List]
[45592] [28660] [2019-10-12 18:56:25,476] [root] [INFO] [Populate Abbreviation List]
[45592] [28660] [2019-10-12 18:56:25,485] [root] [INFO] [program is dealing with 23401-g30.txt!]
[45592] [28660] [2019-10-12 18:56:25,485] [root] [INFO] [program is dealing with 23401-g30.txt!]
[45592] [28660] [2019-10-12 18:56:25,494] [root] [INFO] [keywords=LTE, GSM, UMTS, GPRS, architecture, stage 2]
[45592] [28660] [2019-10-12 18:56:25,494] [root] [INFO] [keywords=LTE, GSM, UMTS, GPRS, architecture, stage 2]
[45592] [28660] [2019-10-12 18:56:26,116] [root] [INFO] [Populate Abbreviation List]
[45592] [28660] [2019-10-12 18:56:26,116] [root] [INFO] [Populate Abbreviation List]
[45592] [28660] [2019-10-12 18:56:26,148] [root] [INFO] [program is dealing with 24301-f30.txt!]
[45592] [28660] [2019-10-12 18:56:26,148] [root] [INFO] [program is dealing with 24301-f30.txt!]
[45592] [28660] [2019-10-12 18:56:26,159] [root] [INFO] [keywords=UMTS, GSM, EPS, GPRS, stage 3, radio, layer 3, user,equipment, network, LTE]
[45592] [28660] [2019-10-12 18:56:26,159] [root] [INFO] [keywords=UMTS, GSM, EPS, GPRS, stage 3, radio, layer 3, user,equipment, network, LTE]
[45592] [28660] [2019-10-12 18:56:27,476] [root] [INFO] [Populate Abbreviation List]
[45592] [28660] [2019-10-12 18:56:27,476] [root] [INFO] [Populate Abbreviation List]
[45592] [28660] [2019-10-12 18:56:27,522] [root] [INFO] [program is dealing with 24501-f00.txt!]
[45592] [28660] [2019-10-12 18:56:27,522] [root] [INFO] [program is dealing with 24501-f00.txt!]
[45592] [28660] [2019-10-12 18:56:27,530] [root] [INFO] [keywords=5G, 5GS, EPS, stage 3, layer 3, user equipment,network]
[45592] [28660] [2019-10-12 18:56:27,530] [root] [INFO] [keywords=5G, 5GS, EPS, stage 3, layer 3, user equipment,network]
[45592] [28660] [2019-10-12 18:56:28,254] [root] [INFO] [Populate Abbreviation List]
[45592] [28660] [2019-10-12 18:56:28,254] [root] [INFO] [Populate Abbreviation List]
[45592] [28660] [2019-10-12 18:56:28,288] [root] [INFO] [program is dealing with 29244-f20.txt!]
[45592] [28660] [2019-10-12 18:56:28,288] [root] [INFO] [program is dealing with 29244-f20.txt!]
[45592] [28660] [2019-10-12 18:56:28,292] [root] [INFO] [keywords=3GPP, EPC, PFCP]
[45592] [28660] [2019-10-12 18:56:28,292] [root] [INFO] [keywords=3GPP, EPC, PFCP]
[45592] [28660] [2019-10-12 18:56:28,533] [root] [INFO] [Populate Abbreviation List]
[45592] [28660] [2019-10-12 18:56:28,533] [root] [INFO] [Populate Abbreviation List]
[45592] [28660] [2019-10-12 18:56:28,551] [root] [INFO] [program is dealing with 29274-f40.txt!]
[45592] [28660] [2019-10-12 18:56:28,551] [root] [INFO] [program is dealing with 29274-f40.txt!]
[45592] [28660] [2019-10-12 18:56:28,560] [root] [INFO] [keywords=GSM, UMTS, packet mode, GPRS, LTE]
[45592] [28660] [2019-10-12 18:56:28,560] [root] [INFO] [keywords=GSM, UMTS, packet mode, GPRS, LTE]
[45592] [28660] [2019-10-12 18:56:28,751] [root] [INFO] [Populate Abbreviation List]
[45592] [28660] [2019-10-12 18:56:28,751] [root] [INFO] [Populate Abbreviation List]
[45592] [28660] [2019-10-12 18:56:28,785] [root] [INFO] [program is dealing with 29512-f00.txt!]
[45592] [28660] [2019-10-12 18:56:28,785] [root] [INFO] [program is dealing with 29512-f00.txt!]
[45592] [28660] [2019-10-12 18:56:28,788] [root] [INFO] [keywords=]
[45592] [28660] [2019-10-12 18:56:28,788] [root] [INFO] [keywords=]
[45592] [28660] [2019-10-12 18:56:28,831] [root] [INFO] [Populate Abbreviation List]
[45592] [28660] [2019-10-12 18:56:28,831] [root] [INFO] [Populate Abbreviation List]
[45592] [28660] [2019-10-12 18:56:28,840] [root] [INFO] [program is dealing with 29518-f00.txt!]
[45592] [28660] [2019-10-12 18:56:28,840] [root] [INFO] [program is dealing with 29518-f00.txt!]
[45592] [28660] [2019-10-12 18:56:28,845] [root] [INFO] [keywords=3GPP, 5G System]
[45592] [28660] [2019-10-12 18:56:28,845] [root] [INFO] [keywords=3GPP, 5G System]
[45592] [28660] [2019-10-12 18:56:28,950] [root] [INFO] [Populate Abbreviation List]
[45592] [28660] [2019-10-12 18:56:28,950] [root] [INFO] [Populate Abbreviation List]
[45592] [28660] [2019-10-12 18:56:28,968] [root] [INFO] [program is dealing with 29521-f00.txt!]
[45592] [28660] [2019-10-12 18:56:28,968] [root] [INFO] [program is dealing with 29521-f00.txt!]
[45592] [28660] [2019-10-12 18:56:28,969] [root] [INFO] [keywords=]
[45592] [28660] [2019-10-12 18:56:28,969] [root] [INFO] [keywords=]
[45592] [28660] [2019-10-12 18:56:28,971] [root] [INFO] [Populate Abbreviation List]
[45592] [28660] [2019-10-12 18:56:28,971] [root] [INFO] [Populate Abbreviation List]
[45592] [28660] [2019-10-12 18:56:28,975] [root] [INFO] [program is dealing with 29531-f00.txt!]
[45592] [28660] [2019-10-12 18:56:28,975] [root] [INFO] [program is dealing with 29531-f00.txt!]
[45592] [28660] [2019-10-12 18:56:28,977] [root] [INFO] [keywords=3GPP, 5G System]
[45592] [28660] [2019-10-12 18:56:28,977] [root] [INFO] [keywords=3GPP, 5G System]
[45592] [28660] [2019-10-12 18:56:28,995] [root] [INFO] [Populate Abbreviation List]
[45592] [28660] [2019-10-12 18:56:28,995] [root] [INFO] [Populate Abbreviation List]
[45592] [28660] [2019-10-12 18:56:29,001] [root] [INFO] [program is dealing with 29571-f00.txt!]
[45592] [28660] [2019-10-12 18:56:29,001] [root] [INFO] [program is dealing with 29571-f00.txt!]
[45592] [28660] [2019-10-12 18:56:29,003] [root] [INFO] [keywords=3GPP, 5G System]
[45592] [28660] [2019-10-12 18:56:29,003] [root] [INFO] [keywords=3GPP, 5G System]
[45592] [28660] [2019-10-12 18:56:29,005] [root] [INFO] [Populate Abbreviation List]
[45592] [28660] [2019-10-12 18:56:29,005] [root] [INFO] [Populate Abbreviation List]
[45592] [28660] [2019-10-12 18:56:29,012] [root] [INFO] [program is dealing with 29890-f20.txt!]
[45592] [28660] [2019-10-12 18:56:29,012] [root] [INFO] [program is dealing with 29890-f20.txt!]
[45592] [28660] [2019-10-12 18:56:29,014] [root] [INFO] [keywords=]
[45592] [28660] [2019-10-12 18:56:29,014] [root] [INFO] [keywords=]
[45592] [28660] [2019-10-12 18:56:29,253] [root] [INFO] [Populate Abbreviation List]
[45592] [28660] [2019-10-12 18:56:29,253] [root] [INFO] [Populate Abbreviation List]
[45592] [28660] [2019-10-12 18:56:29,268] [root] [INFO] [program is dealing with 32251-f50.txt!]
[45592] [28660] [2019-10-12 18:56:29,268] [root] [INFO] [program is dealing with 32251-f50.txt!]
[45592] [28660] [2019-10-12 18:56:29,273] [root] [INFO] [keywords=GSM, UMTS, LTE, charging, management, packet switched]
[45592] [28660] [2019-10-12 18:56:29,273] [root] [INFO] [keywords=GSM, UMTS, LTE, charging, management, packet switched]
[45592] [28660] [2019-10-12 18:56:29,406] [root] [INFO] [Populate Abbreviation List]
[45592] [28660] [2019-10-12 18:56:29,406] [root] [INFO] [Populate Abbreviation List]
[45592] [28660] [2019-10-12 18:56:29,424] [root] [INFO] [program is dealing with 32298-g10.txt!]
[45592] [28660] [2019-10-12 18:56:29,424] [root] [INFO] [program is dealing with 32298-g10.txt!]
[45592] [28660] [2019-10-12 18:56:29,429] [root] [INFO] [keywords=charging, management, protocol, CDR, ASN.1]
[45592] [28660] [2019-10-12 18:56:29,429] [root] [INFO] [keywords=charging, management, protocol, CDR, ASN.1]
[45592] [28660] [2019-10-12 18:56:29,559] [root] [INFO] [Populate Abbreviation List]
[45592] [28660] [2019-10-12 18:56:29,559] [root] [INFO] [Populate Abbreviation List]
[45592] [28660] [2019-10-12 18:56:29,586] [root] [INFO] [program is dealing with 32299-g10.txt!]
[45592] [28660] [2019-10-12 18:56:29,586] [root] [INFO] [program is dealing with 32299-g10.txt!]
[45592] [28660] [2019-10-12 18:56:29,589] [root] [INFO] [keywords=charging, management, protocol, Diameter]
[45592] [28660] [2019-10-12 18:56:29,589] [root] [INFO] [keywords=charging, management, protocol, Diameter]
[45592] [28660] [2019-10-12 18:56:29,719] [root] [INFO] [Populate Abbreviation List]
[45592] [28660] [2019-10-12 18:56:29,719] [root] [INFO] [Populate Abbreviation List]
[45592] [28660] [2019-10-12 18:56:29,741] [root] [INFO] [program is dealing with 36413-f20.txt!]
[45592] [28660] [2019-10-12 18:56:29,741] [root] [INFO] [program is dealing with 36413-f20.txt!]
[45592] [28660] [2019-10-12 18:56:29,749] [root] [INFO] [keywords=LTE, radio]
[45592] [28660] [2019-10-12 18:56:29,749] [root] [INFO] [keywords=LTE, radio]
[45592] [28660] [2019-10-12 18:56:29,921] [root] [INFO] [Populate Abbreviation List]
[45592] [28660] [2019-10-12 18:56:29,921] [root] [INFO] [Populate Abbreviation List]
[45592] [28660] [2019-10-12 18:56:29,950] [root] [INFO] [program is dealing with 37340-f20.txt!]
[45592] [28660] [2019-10-12 18:56:29,950] [root] [INFO] [program is dealing with 37340-f20.txt!]
[45592] [28660] [2019-10-12 18:56:29,952] [root] [INFO] [keywords=None]
[45592] [28660] [2019-10-12 18:56:29,952] [root] [INFO] [keywords=None]
[45592] [28660] [2019-10-12 18:56:29,956] [root] [INFO] [Populate Abbreviation List]
[45592] [28660] [2019-10-12 18:56:29,956] [root] [INFO] [Populate Abbreviation List]
[45592] [28660] [2019-10-12 18:56:29,962] [root] [INFO] [program is dealing with 38331-f21.txt!]
[45592] [28660] [2019-10-12 18:56:29,962] [root] [INFO] [program is dealing with 38331-f21.txt!]
[45592] [28660] [2019-10-12 18:56:29,969] [root] [INFO] [keywords=None]
[45592] [28660] [2019-10-12 18:56:29,969] [root] [INFO] [keywords=None]
[45592] [28660] [2019-10-12 18:56:30,028] [root] [INFO] [Populate Abbreviation List]
[45592] [28660] [2019-10-12 18:56:30,028] [root] [INFO] [Populate Abbreviation List]
[45592] [28660] [2019-10-12 18:56:30,047] [root] [INFO] [program is dealing with 38414-f00.txt!]
[45592] [28660] [2019-10-12 18:56:30,047] [root] [INFO] [program is dealing with 38414-f00.txt!]
[45592] [28660] [2019-10-12 18:56:30,048] [root] [INFO] [keywords=None]
[45592] [28660] [2019-10-12 18:56:30,048] [root] [INFO] [keywords=None]
[45592] [28660] [2019-10-12 18:56:30,049] [root] [INFO] [Populate Abbreviation List]
[45592] [28660] [2019-10-12 18:56:30,049] [root] [INFO] [Populate Abbreviation List]
